<?xml version="1.0" encoding="UTF-8"?>
<!-- Generated by org.testng.reporters.JUnitXMLReporter -->
<testsuite hostname="DESKTOP-5UDNHIJ" failures="0" tests="1" name="Test" time="0.511" errors="0" timestamp="7 Feb 2023 02:34:04 GMT">
  <testcase classname="SeleniumDay20_DataProvider.TestScript2" name="@BeforeClass OpenBrowser" time="0.0">
    <failure type="java.lang.IllegalStateException" message="The driver executable does not exist: C:\Users\YOGA\eclipse-workspace\SeleniumBatch13\exe file">
      <![CDATA[java.lang.IllegalStateException: The driver executable does not exist: C:\Users\YOGA\eclipse-workspace\SeleniumBatch13\exe file
	at com.google.common.base.Preconditions.checkState(Preconditions.java:585)
	at org.openqa.selenium.remote.service.DriverService.checkExecutable(DriverService.java:146)
	at org.openqa.selenium.remote.service.DriverService.findExecutable(DriverService.java:141)
	at org.openqa.selenium.firefox.GeckoDriverService.access$100(GeckoDriverService.java:44)
	at org.openqa.selenium.firefox.GeckoDriverService$Builder.findDefaultExecutable(GeckoDriverService.java:167)
	at org.openqa.selenium.remote.service.DriverService$Builder.build(DriverService.java:355)
	at org.openqa.selenium.firefox.FirefoxDriver.toExecutor(FirefoxDriver.java:190)
	at org.openqa.selenium.firefox.FirefoxDriver.<init>(FirefoxDriver.java:147)
	at org.openqa.selenium.firefox.FirefoxDriver.<init>(FirefoxDriver.java:125)
	at SeleniumDay20_DataProvider.BaseClass.OpenBrowser(BaseClass.java:23)
... Removed 24 stack frames]]>
    </failure>
  </testcase> <!-- @BeforeClass OpenBrowser -->
  <testcase classname="SeleniumDay20_DataProvider.TestScript2" name="@AfterClass closeBrowser" time="0.0">
    <skipped/>
  </testcase> <!-- @AfterClass closeBrowser -->
  <testcase classname="SeleniumDay20_DataProvider.TestScript2" name="TestCase1" time="0.003">
    <skipped/>
  </testcase> <!-- TestCase1 -->
</testsuite> <!-- Test -->
