<?xml version="1.0" encoding="UTF-8"?>
<testng-results total="1" passed="1" failed="0" skipped="0">
  <reporter-output>
  </reporter-output>
  <suite started-at="2023-02-08T02:30:37Z" name="Default suite" finished-at="2023-02-08T02:30:51Z" duration-ms="13967">
    <groups>
    </groups>
    <test started-at="2023-02-08T02:30:37Z" name="Default test" finished-at="2023-02-08T02:30:51Z" duration-ms="13967">
      <class name="SeleniumDay21_POMBYClass.AddUserTestScript">
        <test-method is-config="true" signature="OpenBrowser()[pri:0, instance:SeleniumDay21_POMBYClass.AddUserTestScript@19e7a160]" started-at="2023-02-08T08:00:37Z" name="OpenBrowser" finished-at="2023-02-08T08:00:41Z" duration-ms="4629" status="PASS">
          <reporter-output>
          </reporter-output>
        </test-method> <!-- OpenBrowser -->
        <test-method signature="verifyAddUser()[pri:0, instance:SeleniumDay21_POMBYClass.AddUserTestScript@19e7a160]" started-at="2023-02-08T08:00:41Z" name="verifyAddUser" finished-at="2023-02-08T08:00:50Z" duration-ms="8320" status="PASS">
          <reporter-output>
          </reporter-output>
        </test-method> <!-- verifyAddUser -->
        <test-method is-config="true" signature="closeBrowser()[pri:0, instance:SeleniumDay21_POMBYClass.AddUserTestScript@19e7a160]" started-at="2023-02-08T08:00:50Z" name="closeBrowser" finished-at="2023-02-08T08:00:51Z" duration-ms="992" status="PASS">
          <reporter-output>
          </reporter-output>
        </test-method> <!-- closeBrowser -->
      </class> <!-- SeleniumDay21_POMBYClass.AddUserTestScript -->
    </test> <!-- Default test -->
  </suite> <!-- Default suite -->
</testng-results>
